2026-02-28 14:54:04 gpunity.reporter.markdown INFO Report written to: /private/var/folders/0x/szn58b_s4ws9yq8y8ckjbw900000gn/T/pytest-of-manningwu/pytest-3/test_generateReportCreatesFile0/report.md
2026-02-28 14:54:04 gpunity.reporter.markdown INFO Report written to: /private/var/folders/0x/szn58b_s4ws9yq8y8ckjbw900000gn/T/pytest-of-manningwu/pytest-3/test_generateReportDryRun0/report.md
2026-02-28 14:54:04 gpunity.reporter.markdown INFO Report written to: /private/var/folders/0x/szn58b_s4ws9yq8y8ckjbw900000gn/T/pytest-of-manningwu/pytest-3/test_generateReportNoConfigs0/report.md
2026-02-28 14:54:08 gpunity.sandbox.local INFO Running locally in /Users/manningwu/Desktop/personalRepos/Vibe_Coding/HackIllionis/AutoProfile/tests/fixtures/nano_gpt
2026-02-28 14:54:08 gpunity.sandbox.local INFO Artifacts dir: /var/folders/0x/szn58b_s4ws9yq8y8ckjbw900000gn/T/gpunity_artifacts_agvay59o
2026-02-28 14:54:08 gpunity.sandbox.local INFO Script stdout:
[gpunity] Training script error: No module named 'torch'
[gpunity] Profiling complete. Artifacts saved to /var/folders/0x/szn58b_s4ws9yq8y8ckjbw900000gn/T/gpunity_artifacts_agvay59o
[gpunity] Steps executed: 0

2026-02-28 14:54:08 gpunity.sandbox.local INFO Local run complete. Artifacts in: /var/folders/0x/szn58b_s4ws9yq8y8ckjbw900000gn/T/gpunity_artifacts_agvay59o
2026-02-28 14:54:44 gpunity.sandbox.local INFO Running locally in /Users/manningwu/Desktop/personalRepos/Vibe_Coding/HackIllionis/AutoProfile/tests/fixtures/nano_gpt
2026-02-28 14:54:44 gpunity.sandbox.local INFO Artifacts dir: /var/folders/0x/szn58b_s4ws9yq8y8ckjbw900000gn/T/gpunity_artifacts_qrzb4px9
2026-02-28 14:54:48 gpunity.sandbox.local INFO Script stdout:
[gpunity] Profiling complete. Artifacts saved to /var/folders/0x/szn58b_s4ws9yq8y8ckjbw900000gn/T/gpunity_artifacts_qrzb4px9
[gpunity] Steps executed: 0

2026-02-28 14:54:48 gpunity.sandbox.local INFO Local run complete. Artifacts in: /var/folders/0x/szn58b_s4ws9yq8y8ckjbw900000gn/T/gpunity_artifacts_qrzb4px9
2026-02-28 14:54:52 gpunity.sandbox.local INFO Running locally in /Users/manningwu/Desktop/personalRepos/Vibe_Coding/HackIllionis/AutoProfile/tests/fixtures/nano_gpt
2026-02-28 14:54:52 gpunity.sandbox.local INFO Artifacts dir: /var/folders/0x/szn58b_s4ws9yq8y8ckjbw900000gn/T/gpunity_artifacts_2938eugu
2026-02-28 14:54:55 gpunity.sandbox.local INFO Script stdout:
Final loss: 5.7051
[gpunity] Profiling complete. Artifacts saved to /var/folders/0x/szn58b_s4ws9yq8y8ckjbw900000gn/T/gpunity_artifacts_2938eugu
[gpunity] Steps executed: 0

2026-02-28 14:54:55 gpunity.sandbox.local INFO Local run complete. Artifacts in: /var/folders/0x/szn58b_s4ws9yq8y8ckjbw900000gn/T/gpunity_artifacts_2938eugu
2026-02-28 14:55:06 gpunity.reporter.markdown INFO Report written to: /private/var/folders/0x/szn58b_s4ws9yq8y8ckjbw900000gn/T/pytest-of-manningwu/pytest-4/test_generateReportCreatesFile0/report.md
2026-02-28 14:55:06 gpunity.reporter.markdown INFO Report written to: /private/var/folders/0x/szn58b_s4ws9yq8y8ckjbw900000gn/T/pytest-of-manningwu/pytest-4/test_generateReportDryRun0/report.md
2026-02-28 14:55:06 gpunity.reporter.markdown INFO Report written to: /private/var/folders/0x/szn58b_s4ws9yq8y8ckjbw900000gn/T/pytest-of-manningwu/pytest-4/test_generateReportNoConfigs0/report.md
2026-02-28 14:55:10 gpunity.sandbox.local INFO Running locally in /Users/manningwu/Desktop/personalRepos/Vibe_Coding/HackIllionis/AutoProfile/tests/fixtures/nano_gpt
2026-02-28 14:55:10 gpunity.sandbox.local INFO Artifacts dir: /var/folders/0x/szn58b_s4ws9yq8y8ckjbw900000gn/T/gpunity_artifacts_h1m49vyw
2026-02-28 14:55:12 gpunity.sandbox.local INFO Script stdout:
Final loss: 5.6356
[gpunity] Profiling complete. Artifacts saved to /var/folders/0x/szn58b_s4ws9yq8y8ckjbw900000gn/T/gpunity_artifacts_h1m49vyw
[gpunity] Steps executed: 0

2026-02-28 14:55:12 gpunity.sandbox.local INFO Local run complete. Artifacts in: /var/folders/0x/szn58b_s4ws9yq8y8ckjbw900000gn/T/gpunity_artifacts_h1m49vyw
